2021-07-15T13:23:19+00:00 CRITICAL Uncaught Error: Call to undefined function consultaServicio() in C:\xampp\htdocs\lavamania\wp-content\themes\woostify\modif_servicios.php:9
Stack trace:
#0 C:\xampp\htdocs\lavamania\wp-includes\template-loader.php(106): include()
#1 C:\xampp\htdocs\lavamania\wp-blog-header.php(19): require_once('C:\\xampp\\htdocs...')
#2 C:\xampp\htdocs\lavamania\index.php(17): require('C:\\xampp\\htdocs...')
#3 {main}
  thrown en C:\xampp\htdocs\lavamania\wp-content\themes\woostify\modif_servicios.php en la línea 9

2021-07-15T13:25:14+00:00 CRITICAL Uncaught Error: Call to undefined function consultaServicio() in C:\xampp\htdocs\lavamania\wp-content\themes\woostify\modif_servicios.php:9
Stack trace:
#0 C:\xampp\htdocs\lavamania\wp-includes\template-loader.php(106): include()
#1 C:\xampp\htdocs\lavamania\wp-blog-header.php(19): require_once('C:\\xampp\\htdocs...')
#2 C:\xampp\htdocs\lavamania\index.php(17): require('C:\\xampp\\htdocs...')
#3 {main}
  thrown en C:\xampp\htdocs\lavamania\wp-content\themes\woostify\modif_servicios.php en la línea 9

2021-07-15T13:26:28+00:00 CRITICAL Uncaught Error: Call to undefined function consultaServicio() in C:\xampp\htdocs\lavamania\wp-content\themes\woostify\modif_servicios.php:9
Stack trace:
#0 C:\xampp\htdocs\lavamania\wp-includes\template-loader.php(106): include()
#1 C:\xampp\htdocs\lavamania\wp-blog-header.php(19): require_once('C:\\xampp\\htdocs...')
#2 C:\xampp\htdocs\lavamania\index.php(17): require('C:\\xampp\\htdocs...')
#3 {main}
  thrown en C:\xampp\htdocs\lavamania\wp-content\themes\woostify\modif_servicios.php en la línea 9

2021-07-15T13:26:55+00:00 CRITICAL Uncaught Error: Call to undefined function msqli_query() in C:\xampp\htdocs\lavamania\wp-content\themes\woostify\modif_servicios.php:13
Stack trace:
#0 C:\xampp\htdocs\lavamania\wp-content\themes\woostify\modif_servicios.php(9): consultaServicios(NULL)
#1 C:\xampp\htdocs\lavamania\wp-includes\template-loader.php(106): include('C:\\xampp\\htdocs...')
#2 C:\xampp\htdocs\lavamania\wp-blog-header.php(19): require_once('C:\\xampp\\htdocs...')
#3 C:\xampp\htdocs\lavamania\index.php(17): require('C:\\xampp\\htdocs...')
#4 {main}
  thrown en C:\xampp\htdocs\lavamania\wp-content\themes\woostify\modif_servicios.php en la línea 13

2021-07-15T13:39:12+00:00 CRITICAL Uncaught Error: Call to undefined function mysql_query() in C:\xampp\htdocs\lavamania\wp-content\themes\woostify\modif_servicios.php:13
Stack trace:
#0 C:\xampp\htdocs\lavamania\wp-content\themes\woostify\modif_servicios.php(9): consultaServicios(NULL)
#1 C:\xampp\htdocs\lavamania\wp-includes\template-loader.php(106): include('C:\\xampp\\htdocs...')
#2 C:\xampp\htdocs\lavamania\wp-blog-header.php(19): require_once('C:\\xampp\\htdocs...')
#3 C:\xampp\htdocs\lavamania\index.php(17): require('C:\\xampp\\htdocs...')
#4 {main}
  thrown en C:\xampp\htdocs\lavamania\wp-content\themes\woostify\modif_servicios.php en la línea 13

2021-07-15T13:41:09+00:00 CRITICAL Uncaught Error: Call to undefined function mysql_error() in C:\xampp\htdocs\lavamania\wp-content\themes\woostify\modif_servicios.php:13
Stack trace:
#0 C:\xampp\htdocs\lavamania\wp-content\themes\woostify\modif_servicios.php(9): consultaServicios(NULL)
#1 C:\xampp\htdocs\lavamania\wp-includes\template-loader.php(106): include('C:\\xampp\\htdocs...')
#2 C:\xampp\htdocs\lavamania\wp-blog-header.php(19): require_once('C:\\xampp\\htdocs...')
#3 C:\xampp\htdocs\lavamania\index.php(17): require('C:\\xampp\\htdocs...')
#4 {main}
  thrown en C:\xampp\htdocs\lavamania\wp-content\themes\woostify\modif_servicios.php en la línea 13

2021-07-15T13:41:16+00:00 CRITICAL Uncaught Error: Call to undefined function mysql_error() in C:\xampp\htdocs\lavamania\wp-content\themes\woostify\modif_servicios.php:13
Stack trace:
#0 C:\xampp\htdocs\lavamania\wp-content\themes\woostify\modif_servicios.php(9): consultaServicios(NULL)
#1 C:\xampp\htdocs\lavamania\wp-includes\template-loader.php(106): include('C:\\xampp\\htdocs...')
#2 C:\xampp\htdocs\lavamania\wp-blog-header.php(19): require_once('C:\\xampp\\htdocs...')
#3 C:\xampp\htdocs\lavamania\index.php(17): require('C:\\xampp\\htdocs...')
#4 {main}
  thrown en C:\xampp\htdocs\lavamania\wp-content\themes\woostify\modif_servicios.php en la línea 13

2021-07-15T13:41:29+00:00 CRITICAL Uncaught Error: Call to undefined function mysql_error() in C:\xampp\htdocs\lavamania\wp-content\themes\woostify\modif_servicios.php:13
Stack trace:
#0 C:\xampp\htdocs\lavamania\wp-content\themes\woostify\modif_servicios.php(9): consultaServicios(NULL)
#1 C:\xampp\htdocs\lavamania\wp-includes\template-loader.php(106): include('C:\\xampp\\htdocs...')
#2 C:\xampp\htdocs\lavamania\wp-blog-header.php(19): require_once('C:\\xampp\\htdocs...')
#3 C:\xampp\htdocs\lavamania\index.php(17): require('C:\\xampp\\htdocs...')
#4 {main}
  thrown en C:\xampp\htdocs\lavamania\wp-content\themes\woostify\modif_servicios.php en la línea 13

2021-07-15T13:41:34+00:00 CRITICAL Uncaught Error: Call to undefined function mysql_error() in C:\xampp\htdocs\lavamania\wp-content\themes\woostify\modif_servicios.php:13
Stack trace:
#0 C:\xampp\htdocs\lavamania\wp-content\themes\woostify\modif_servicios.php(9): consultaServicios(NULL)
#1 C:\xampp\htdocs\lavamania\wp-includes\template-loader.php(106): include('C:\\xampp\\htdocs...')
#2 C:\xampp\htdocs\lavamania\wp-blog-header.php(19): require_once('C:\\xampp\\htdocs...')
#3 C:\xampp\htdocs\lavamania\index.php(17): require('C:\\xampp\\htdocs...')
#4 {main}
  thrown en C:\xampp\htdocs\lavamania\wp-content\themes\woostify\modif_servicios.php en la línea 13

2021-07-15T13:41:57+00:00 CRITICAL Uncaught Error: Call to undefined function mysql_error() in C:\xampp\htdocs\lavamania\wp-content\themes\woostify\modif_servicios.php:13
Stack trace:
#0 C:\xampp\htdocs\lavamania\wp-content\themes\woostify\modif_servicios.php(9): consultaServicios(NULL)
#1 C:\xampp\htdocs\lavamania\wp-includes\template-loader.php(106): include('C:\\xampp\\htdocs...')
#2 C:\xampp\htdocs\lavamania\wp-blog-header.php(19): require_once('C:\\xampp\\htdocs...')
#3 C:\xampp\htdocs\lavamania\index.php(17): require('C:\\xampp\\htdocs...')
#4 {main}
  thrown en C:\xampp\htdocs\lavamania\wp-content\themes\woostify\modif_servicios.php en la línea 13

