2021-06-23T19:39:43+00:00 CRITICAL Uncaught Error: Call to undefined function wcs_get_subscriptions() in C:\laragon\www\lavamania\wp-content\plugins\subscription-payu-latam\includes\class-subscription-payu-latam-plugin.php:174
Stack trace:
#0 C:\laragon\www\lavamania\wp-includes\class-wp-hook.php(292): Subscription_Payu_Latam_SPL_Plugin->update_status_subscriptions()
#1 C:\laragon\www\lavamania\wp-includes\class-wp-hook.php(316): WP_Hook->apply_filters('', Array)
#2 C:\laragon\www\lavamania\wp-includes\plugin.php(551): WP_Hook->do_action(Array)
#3 C:\laragon\www\lavamania\wp-cron.php(138): do_action_ref_array('subscription_pa...', Array)
#4 {main}
  thrown en C:\laragon\www\lavamania\wp-content\plugins\subscription-payu-latam\includes\class-subscription-payu-latam-plugin.php en la línea 174

2021-06-23T19:40:02+00:00 CRITICAL Uncaught Error: Class 'WC_Subscriptions_Cart' not found in C:\laragon\www\lavamania\wp-content\plugins\subscription-payu-latam\includes\class-gateway-subscription-payu-latam.php:162
Stack trace:
#0 C:\laragon\www\lavamania\wp-includes\class-wp-hook.php(292): WC_Payment_Subscription_Payu_Latam_SPL->disable_non_subscription(Array)
#1 C:\laragon\www\lavamania\wp-includes\plugin.php(212): WP_Hook->apply_filters(Array, Array)
#2 C:\laragon\www\lavamania\wp-content\plugins\woocommerce\includes\class-wc-payment-gateways.php(160): apply_filters('woocommerce_ava...', Array)
#3 C:\laragon\www\lavamania\wp-content\plugins\woocommerce\packages\woocommerce-admin\src\Features\OnboardingTasks.php(94): WC_Payment_Gateways->get_available_payment_gateways()
#4 C:\laragon\www\lavamania\wp-content\plugins\woocommerce\packages\woocommerce-admin\src\Features\OnboardingTasks.php(152): Automattic\WooCommerce\Admin\Features\OnboardingTasks::get_settings()
#5 C:\laragon\www\lavamania\wp-includes\class-wp-hook.php(292): Automattic\WooC en C:\laragon\www\lavamania\wp-content\plugins\subscription-payu-latam\includes\class-gateway-subscription-payu-latam.php en la línea 162

2021-06-23T19:41:20+00:00 CRITICAL Uncaught Error: Class 'WC_Subscriptions_Cart' not found in C:\laragon\www\lavamania\wp-content\plugins\subscription-payu-latam\includes\class-gateway-subscription-payu-latam.php:162
Stack trace:
#0 C:\laragon\www\lavamania\wp-includes\class-wp-hook.php(292): WC_Payment_Subscription_Payu_Latam_SPL->disable_non_subscription(Array)
#1 C:\laragon\www\lavamania\wp-includes\plugin.php(212): WP_Hook->apply_filters(Array, Array)
#2 C:\laragon\www\lavamania\wp-content\plugins\woocommerce\includes\class-wc-payment-gateways.php(160): apply_filters('woocommerce_ava...', Array)
#3 C:\laragon\www\lavamania\wp-content\plugins\woocommerce\includes\wc-template-functions.php(3770): WC_Payment_Gateways->get_available_payment_gateways()
#4 C:\laragon\www\lavamania\wp-includes\class-wp-hook.php(292): wc_get_pay_buttons('')
#5 C:\laragon\www\lavamania\wp-includes\class-wp-hook.php(316): WP_Hook->apply_filters('', Array)
#6 C:\laragon\www\lavamania\wp-includes\plugin.php(484): WP_Hook->do_action(Array)
#7 C:\laragon\www\lavamania\w en C:\laragon\www\lavamania\wp-content\plugins\subscription-payu-latam\includes\class-gateway-subscription-payu-latam.php en la línea 162

2021-06-23T19:41:53+00:00 CRITICAL Uncaught Error: Class 'WC_Subscriptions_Cart' not found in C:\laragon\www\lavamania\wp-content\plugins\subscription-payu-latam\includes\class-gateway-subscription-payu-latam.php:162
Stack trace:
#0 C:\laragon\www\lavamania\wp-includes\class-wp-hook.php(292): WC_Payment_Subscription_Payu_Latam_SPL->disable_non_subscription(Array)
#1 C:\laragon\www\lavamania\wp-includes\plugin.php(212): WP_Hook->apply_filters(Array, Array)
#2 C:\laragon\www\lavamania\wp-content\plugins\woocommerce\includes\class-wc-payment-gateways.php(160): apply_filters('woocommerce_ava...', Array)
#3 C:\laragon\www\lavamania\wp-content\plugins\woocommerce\includes\wc-template-functions.php(3770): WC_Payment_Gateways->get_available_payment_gateways()
#4 C:\laragon\www\lavamania\wp-includes\class-wp-hook.php(292): wc_get_pay_buttons('')
#5 C:\laragon\www\lavamania\wp-includes\class-wp-hook.php(316): WP_Hook->apply_filters('', Array)
#6 C:\laragon\www\lavamania\wp-includes\plugin.php(484): WP_Hook->do_action(Array)
#7 C:\laragon\www\lavamania\w en C:\laragon\www\lavamania\wp-content\plugins\subscription-payu-latam\includes\class-gateway-subscription-payu-latam.php en la línea 162

