2021-07-28T00:41:44+00:00 CRITICAL Uncaught Error: Call to undefined function wcs_get_subscriptions() in C:\xampp\htdocs\lavamania\wp-content\plugins\subscription-payu-latam\includes\class-subscription-payu-latam-plugin.php:174
Stack trace:
#0 C:\xampp\htdocs\lavamania\wp-includes\class-wp-hook.php(292): Subscription_Payu_Latam_SPL_Plugin->update_status_subscriptions()
#1 C:\xampp\htdocs\lavamania\wp-includes\class-wp-hook.php(316): WP_Hook->apply_filters('', Array)
#2 C:\xampp\htdocs\lavamania\wp-includes\plugin.php(551): WP_Hook->do_action(Array)
#3 C:\xampp\htdocs\lavamania\wp-cron.php(138): do_action_ref_array('subscription_pa...', Array)
#4 {main}
  thrown en C:\xampp\htdocs\lavamania\wp-content\plugins\subscription-payu-latam\includes\class-subscription-payu-latam-plugin.php en la línea 174

2021-07-28T01:03:49+00:00 CRITICAL Maximum execution time of 120 seconds exceeded en C:\xampp\htdocs\lavamania\wp-includes\wp-db.php en la línea 2056

2021-07-28T01:04:05+00:00 CRITICAL Maximum execution time of 120 seconds exceeded en C:\xampp\htdocs\lavamania\wp-includes\wp-db.php en la línea 2056

2021-07-28T01:04:06+00:00 CRITICAL Maximum execution time of 120 seconds exceeded en C:\xampp\htdocs\lavamania\wp-includes\functions.php en la línea 6115

2021-07-28T01:04:10+00:00 CRITICAL Maximum execution time of 120 seconds exceeded en C:\xampp\htdocs\lavamania\wp-admin\includes\plugin.php en la línea 336

2021-07-28T01:04:17+00:00 CRITICAL Maximum execution time of 120 seconds exceeded en C:\xampp\htdocs\lavamania\wp-includes\wp-db.php en la línea 2056

2021-07-28T01:04:17+00:00 CRITICAL Maximum execution time of 120 seconds exceeded en C:\xampp\htdocs\lavamania\wp-includes\wp-db.php en la línea 2056

2021-07-28T01:04:17+00:00 CRITICAL Maximum execution time of 120 seconds exceeded en C:\xampp\htdocs\lavamania\wp-includes\wp-db.php en la línea 2056

2021-07-28T01:04:20+00:00 CRITICAL Maximum execution time of 120 seconds exceeded en C:\xampp\htdocs\lavamania\wp-includes\wp-db.php en la línea 2056

2021-07-28T01:04:20+00:00 CRITICAL Maximum execution time of 120 seconds exceeded en C:\xampp\htdocs\lavamania\wp-includes\wp-db.php en la línea 2056

2021-07-28T01:04:23+00:00 CRITICAL Maximum execution time of 120 seconds exceeded en C:\xampp\htdocs\lavamania\wp-includes\wp-db.php en la línea 2056

2021-07-28T01:04:25+00:00 CRITICAL Maximum execution time of 120 seconds exceeded en C:\xampp\htdocs\lavamania\wp-includes\wp-db.php en la línea 2056

2021-07-28T01:04:27+00:00 CRITICAL Maximum execution time of 120 seconds exceeded en C:\xampp\htdocs\lavamania\wp-includes\plugin.php en la línea 146

2021-07-28T01:04:28+00:00 CRITICAL Maximum execution time of 120 seconds exceeded en C:\xampp\htdocs\lavamania\wp-includes\wp-db.php en la línea 2056

2021-07-28T01:04:33+00:00 CRITICAL Maximum execution time of 120 seconds exceeded en C:\xampp\htdocs\lavamania\wp-includes\functions.php en la línea 6111

2021-07-28T01:04:34+00:00 CRITICAL Maximum execution time of 120 seconds exceeded en C:\xampp\htdocs\lavamania\wp-includes\functions.php en la línea 6111

2021-07-28T01:04:47+00:00 CRITICAL Maximum execution time of 120 seconds exceeded en C:\xampp\htdocs\lavamania\wp-includes\wp-db.php en la línea 2056

2021-07-28T01:42:00+00:00 CRITICAL Uncaught Error: Call to undefined function wcs_get_subscriptions() in C:\xampp\htdocs\lavamania\wp-content\plugins\subscription-payu-latam\includes\class-subscription-payu-latam-plugin.php:174
Stack trace:
#0 C:\xampp\htdocs\lavamania\wp-includes\class-wp-hook.php(292): Subscription_Payu_Latam_SPL_Plugin->update_status_subscriptions()
#1 C:\xampp\htdocs\lavamania\wp-includes\class-wp-hook.php(316): WP_Hook->apply_filters('', Array)
#2 C:\xampp\htdocs\lavamania\wp-includes\plugin.php(551): WP_Hook->do_action(Array)
#3 C:\xampp\htdocs\lavamania\wp-cron.php(138): do_action_ref_array('subscription_pa...', Array)
#4 {main}
  thrown en C:\xampp\htdocs\lavamania\wp-content\plugins\subscription-payu-latam\includes\class-subscription-payu-latam-plugin.php en la línea 174

2021-07-28T14:30:31+00:00 CRITICAL Uncaught Error: Call to undefined function wcs_get_subscriptions() in C:\xampp\htdocs\lavamania\wp-content\plugins\subscription-payu-latam\includes\class-subscription-payu-latam-plugin.php:174
Stack trace:
#0 C:\xampp\htdocs\lavamania\wp-includes\class-wp-hook.php(292): Subscription_Payu_Latam_SPL_Plugin->update_status_subscriptions()
#1 C:\xampp\htdocs\lavamania\wp-includes\class-wp-hook.php(316): WP_Hook->apply_filters('', Array)
#2 C:\xampp\htdocs\lavamania\wp-includes\plugin.php(551): WP_Hook->do_action(Array)
#3 C:\xampp\htdocs\lavamania\wp-cron.php(138): do_action_ref_array('subscription_pa...', Array)
#4 {main}
  thrown en C:\xampp\htdocs\lavamania\wp-content\plugins\subscription-payu-latam\includes\class-subscription-payu-latam-plugin.php en la línea 174

2021-07-28T14:43:06+00:00 CRITICAL Uncaught Error: Call to undefined function wcs_get_subscriptions() in C:\xampp\htdocs\lavamania\wp-content\plugins\subscription-payu-latam\includes\class-subscription-payu-latam-plugin.php:174
Stack trace:
#0 C:\xampp\htdocs\lavamania\wp-includes\class-wp-hook.php(292): Subscription_Payu_Latam_SPL_Plugin->update_status_subscriptions()
#1 C:\xampp\htdocs\lavamania\wp-includes\class-wp-hook.php(316): WP_Hook->apply_filters('', Array)
#2 C:\xampp\htdocs\lavamania\wp-includes\plugin.php(551): WP_Hook->do_action(Array)
#3 C:\xampp\htdocs\lavamania\wp-cron.php(138): do_action_ref_array('subscription_pa...', Array)
#4 {main}
  thrown en C:\xampp\htdocs\lavamania\wp-content\plugins\subscription-payu-latam\includes\class-subscription-payu-latam-plugin.php en la línea 174

2021-07-28T15:05:26+00:00 CRITICAL Uncaught Error: Cannot use object of type stdClass as array in C:\xampp\htdocs\lavamania\wp-content\themes\woostify\crud_membresias.php:32
Stack trace:
#0 C:\xampp\htdocs\lavamania\wp-includes\template-loader.php(106): include()
#1 C:\xampp\htdocs\lavamania\wp-blog-header.php(19): require_once('C:\\xampp\\htdocs...')
#2 C:\xampp\htdocs\lavamania\index.php(17): require('C:\\xampp\\htdocs...')
#3 {main}
  thrown en C:\xampp\htdocs\lavamania\wp-content\themes\woostify\crud_membresias.php en la línea 32

2021-07-28T15:08:21+00:00 CRITICAL Uncaught Error: Cannot use object of type stdClass as array in C:\xampp\htdocs\lavamania\wp-content\themes\woostify\crud_membresias.php:33
Stack trace:
#0 C:\xampp\htdocs\lavamania\wp-includes\template-loader.php(106): include()
#1 C:\xampp\htdocs\lavamania\wp-blog-header.php(19): require_once('C:\\xampp\\htdocs...')
#2 C:\xampp\htdocs\lavamania\index.php(17): require('C:\\xampp\\htdocs...')
#3 {main}
  thrown en C:\xampp\htdocs\lavamania\wp-content\themes\woostify\crud_membresias.php en la línea 33

2021-07-28T15:43:31+00:00 CRITICAL Uncaught Error: Call to undefined function wcs_get_subscriptions() in C:\xampp\htdocs\lavamania\wp-content\plugins\subscription-payu-latam\includes\class-subscription-payu-latam-plugin.php:174
Stack trace:
#0 C:\xampp\htdocs\lavamania\wp-includes\class-wp-hook.php(292): Subscription_Payu_Latam_SPL_Plugin->update_status_subscriptions()
#1 C:\xampp\htdocs\lavamania\wp-includes\class-wp-hook.php(316): WP_Hook->apply_filters('', Array)
#2 C:\xampp\htdocs\lavamania\wp-includes\plugin.php(551): WP_Hook->do_action(Array)
#3 C:\xampp\htdocs\lavamania\wp-cron.php(138): do_action_ref_array('subscription_pa...', Array)
#4 {main}
  thrown en C:\xampp\htdocs\lavamania\wp-content\plugins\subscription-payu-latam\includes\class-subscription-payu-latam-plugin.php en la línea 174

2021-07-28T15:46:03+00:00 CRITICAL Uncaught Error: Class 'WC_Subscriptions_Cart' not found in C:\xampp\htdocs\lavamania\wp-content\plugins\subscription-payu-latam\includes\class-gateway-subscription-payu-latam.php:162
Stack trace:
#0 C:\xampp\htdocs\lavamania\wp-includes\class-wp-hook.php(292): WC_Payment_Subscription_Payu_Latam_SPL->disable_non_subscription(Array)
#1 C:\xampp\htdocs\lavamania\wp-includes\plugin.php(212): WP_Hook->apply_filters(Array, Array)
#2 C:\xampp\htdocs\lavamania\wp-content\plugins\woocommerce\includes\class-wc-payment-gateways.php(160): apply_filters('woocommerce_ava...', Array)
#3 C:\xampp\htdocs\lavamania\wp-content\plugins\woocommerce\includes\wc-template-functions.php(3770): WC_Payment_Gateways->get_available_payment_gateways()
#4 C:\xampp\htdocs\lavamania\wp-includes\class-wp-hook.php(292): wc_get_pay_buttons('')
#5 C:\xampp\htdocs\lavamania\wp-includes\class-wp-hook.php(316): WP_Hook->apply_filters('', Array)
#6 C:\xampp\htdocs\lavamania\wp-includes\plugin.php(484): WP_Hook->do_action(Array)
#7 C:\xampp\htdocs\la en C:\xampp\htdocs\lavamania\wp-content\plugins\subscription-payu-latam\includes\class-gateway-subscription-payu-latam.php en la línea 162

2021-07-28T16:43:23+00:00 CRITICAL Uncaught Error: Call to undefined function wcs_get_subscriptions() in C:\xampp\htdocs\lavamania\wp-content\plugins\subscription-payu-latam\includes\class-subscription-payu-latam-plugin.php:174
Stack trace:
#0 C:\xampp\htdocs\lavamania\wp-includes\class-wp-hook.php(292): Subscription_Payu_Latam_SPL_Plugin->update_status_subscriptions()
#1 C:\xampp\htdocs\lavamania\wp-includes\class-wp-hook.php(316): WP_Hook->apply_filters('', Array)
#2 C:\xampp\htdocs\lavamania\wp-includes\plugin.php(551): WP_Hook->do_action(Array)
#3 C:\xampp\htdocs\lavamania\wp-cron.php(138): do_action_ref_array('subscription_pa...', Array)
#4 {main}
  thrown en C:\xampp\htdocs\lavamania\wp-content\plugins\subscription-payu-latam\includes\class-subscription-payu-latam-plugin.php en la línea 174

2021-07-28T18:23:31+00:00 CRITICAL Uncaught Error: Class 'WC_Subscriptions_Cart' not found in C:\xampp\htdocs\lavamania\wp-content\plugins\subscription-payu-latam\includes\class-gateway-subscription-payu-latam.php:162
Stack trace:
#0 C:\xampp\htdocs\lavamania\wp-includes\class-wp-hook.php(292): WC_Payment_Subscription_Payu_Latam_SPL->disable_non_subscription(Array)
#1 C:\xampp\htdocs\lavamania\wp-includes\plugin.php(212): WP_Hook->apply_filters(Array, Array)
#2 C:\xampp\htdocs\lavamania\wp-content\plugins\woocommerce\includes\class-wc-payment-gateways.php(160): apply_filters('woocommerce_ava...', Array)
#3 C:\xampp\htdocs\lavamania\wp-content\plugins\woocommerce\packages\woocommerce-admin\src\Notes\OnboardingPayments.php(38): WC_Payment_Gateways->get_available_payment_gateways()
#4 C:\xampp\htdocs\lavamania\wp-content\plugins\woocommerce\packages\woocommerce-admin\src\Notes\NoteTraits.php(67): Automattic\WooCommerce\Admin\Notes\OnboardingPayments::get_note()
#5 C:\xampp\htdocs\lavamania\wp-content\plugins\woocommerce\packages\woocommerce-admin en C:\xampp\htdocs\lavamania\wp-content\plugins\subscription-payu-latam\includes\class-gateway-subscription-payu-latam.php en la línea 162

2021-07-28T18:25:05+00:00 CRITICAL Uncaught Error: Call to undefined function wcs_get_subscriptions() in C:\xampp\htdocs\lavamania\wp-content\plugins\subscription-payu-latam\includes\class-subscription-payu-latam-plugin.php:174
Stack trace:
#0 C:\xampp\htdocs\lavamania\wp-includes\class-wp-hook.php(292): Subscription_Payu_Latam_SPL_Plugin->update_status_subscriptions()
#1 C:\xampp\htdocs\lavamania\wp-includes\class-wp-hook.php(316): WP_Hook->apply_filters('', Array)
#2 C:\xampp\htdocs\lavamania\wp-includes\plugin.php(551): WP_Hook->do_action(Array)
#3 C:\xampp\htdocs\lavamania\wp-cron.php(138): do_action_ref_array('subscription_pa...', Array)
#4 {main}
  thrown en C:\xampp\htdocs\lavamania\wp-content\plugins\subscription-payu-latam\includes\class-subscription-payu-latam-plugin.php en la línea 174

2021-07-28T18:27:00+00:00 CRITICAL Uncaught Error: Call to undefined function wcs_get_subscriptions() in C:\xampp\htdocs\lavamania\wp-content\plugins\subscription-payu-latam\includes\class-subscription-payu-latam-plugin.php:174
Stack trace:
#0 C:\xampp\htdocs\lavamania\wp-includes\class-wp-hook.php(292): Subscription_Payu_Latam_SPL_Plugin->update_status_subscriptions()
#1 C:\xampp\htdocs\lavamania\wp-includes\class-wp-hook.php(316): WP_Hook->apply_filters('', Array)
#2 C:\xampp\htdocs\lavamania\wp-includes\plugin.php(551): WP_Hook->do_action(Array)
#3 C:\xampp\htdocs\lavamania\wp-cron.php(138): do_action_ref_array('subscription_pa...', Array)
#4 {main}
  thrown en C:\xampp\htdocs\lavamania\wp-content\plugins\subscription-payu-latam\includes\class-subscription-payu-latam-plugin.php en la línea 174

