********************************************************************************
DUPLICATOR-LITE PACKAGE-LOG: 7 July, 2021 8:21 pm
NOTICE: Do NOT post to public sites or forums 
********************************************************************************
VERSION:	1.4.1
WORDPRESS:	5.7.2
PHP INFO:	7.2.19 | SAPI: apache2handler
SERVER:		Apache/2.4.35 (Win64) OpenSSL/1.1.1b PHP/7.2.19 
PHP TIME LIMIT: (0) no time limit imposed 
PHP MAX MEMORY: 4294967296 (512M default) 
MEMORY STACK: 10MB

********************************************************************************
DATABASE:
********************************************************************************
BUILD MODE:   MYSQLDUMP
MYSQLTIMEOUT: 5000
MYSQLDUMP:    Is Supported
SQL CREATED: 20210707_lavamania_85ed24e8e62f39517493_20210707202143_database.sql
SQL FILE SIZE: 3.33MB (3491712)
SQL FILE TIME: 2021-07-07 20:22:09
SQL RUNTIME: 10.35 sec.

********************************************************************************
ARCHIVE (ZIP):
********************************************************************************
ARCHIVE DIR:  C:/laragon/www/lavamania
ARCHIVE FILE: 20210707_lavamania_85ed24e8e62f39517493_20210707202143_archive.zip
FILTERS: *OFF*
DIRS:
	not set
FILES:
	not set
EXTS:  not set
----------------------------------------
COMPRESSING
SIZE:	153.8MB
STATS:	Dirs 1,528 | Files 8,906
SQL ADDED: 20210707_lavamania_85ed24e8e62f39517493_20210707202143_database.sql
ZipArchive Object
(
    [status] => 0
    [statusSys] => 0
    [numFiles] => 10434
    [filename] => C:\laragon\www\lavamania\wp-content\backups-dup-lite\tmp\20210707_lavamania_85ed24e8e62f39517493_20210707202143_archive.zip
    [comment] => 
)

FILE ADDED TO ZIP: 10433
COMPRESSION RESULT: '1'
COMPRESSED SIZE: 52.36MB
ARCHIVE RUNTIME: 76.59 sec.
MEMORY STACK: 12MB
building installer
add_extra_files1
add_extra_files2
add_extra_files3
add_extra_files4
Doing archive file check
add_extra_files5
add_extra_files6
add_extra_files8
Successfully opened zip C:/laragon/www/lavamania/wp-content/backups-dup-lite/tmp/20210707_lavamania_85ed24e8e62f39517493_20210707202143_archive.zip
Adding enhanced installer files to archive using ZipArchive
Installer files added to archive
Added to archive
After ziparchive close when adding installer

********************************************************************************
INTEGRITY CHECKS:
********************************************************************************
SQL FILE: 3.33MB
INSTALLER FILE: 64.14KB
ARCHIVE FILE: 53.77MB 
RECUENTO ARCHIVOS/DIRECTORIOS ESPERADOS: 10,434
RECUENTO ARCHIVOS/DIRECTORIOS ACTUALES: 10,433
PRUEBA DE CONSISTENCIA DEL ARCHIVO: Superado

********************************************************************************
RECORD ID:[1]
TOTAL PROCESS RUNTIME: 88.21 sec.
PEAK PHP MEMORY USED: 16MB
DONE PROCESSING => 20210707_lavamania 7 July, 2021 8:23 pm

